How big is the problem?
How many timesteps?
Value of nu (positive and less than 0.5)?
At timestep     0 the maxmimum change in the solution is 4.8360094e-10 
At timestep    10 the maxmimum change in the solution is 4.8360094e-10 
At timestep    20 the maxmimum change in the solution is 4.8360094e-10 
At timestep    30 the maxmimum change in the solution is 4.8360094e-10 
At timestep    40 the maxmimum change in the solution is 4.8360094e-10 
At timestep    50 the maxmimum change in the solution is 4.8360094e-10 
At timestep    60 the maxmimum change in the solution is 4.8360094e-10 
At timestep    70 the maxmimum change in the solution is 4.8360094e-10 
At timestep    80 the maxmimum change in the solution is 4.8360094e-10 
At timestep    90 the maxmimum change in the solution is 4.8360094e-10 
At timestep   100 the maxmimum change in the solution is 4.8360094e-10 
At timestep   110 the maxmimum change in the solution is 4.8360094e-10 
At timestep   120 the maxmimum change in the solution is 4.8360094e-10 
At timestep   130 the maxmimum change in the solution is 4.8360094e-10 
At timestep   140 the maxmimum change in the solution is 4.8360094e-10 
At timestep   150 the maxmimum change in the solution is 4.8360094e-10 
At timestep   160 the maxmimum change in the solution is 4.8360094e-10 
At timestep   170 the maxmimum change in the solution is 4.8360094e-10 
At timestep   180 the maxmimum change in the solution is 4.8360094e-10 
At timestep   190 the maxmimum change in the solution is 4.8360094e-10 
At timestep   200 the maxmimum change in the solution is 4.8360094e-10 
At timestep   210 the maxmimum change in the solution is 4.8360094e-10 
At timestep   220 the maxmimum change in the solution is 4.8360094e-10 
At timestep   230 the maxmimum change in the solution is 4.8360094e-10 
At timestep   240 the maxmimum change in the solution is 4.8360094e-10 
At timestep   250 the maxmimum change in the solution is 4.8360094e-10 
At timestep   260 the maxmimum change in the solution is 4.8360094e-10 
At timestep   270 the maxmimum change in the solution is 4.8360094e-10 
At timestep   280 the maxmimum change in the solution is 4.8360094e-10 
At timestep   290 the maxmimum change in the solution is 4.8360094e-10 
At timestep   300 the maxmimum change in the solution is 4.8360094e-10 
At timestep   310 the maxmimum change in the solution is 4.8360094e-10 
At timestep   320 the maxmimum change in the solution is 4.8360094e-10 
At timestep   330 the maxmimum change in the solution is 4.8360094e-10 
At timestep   340 the maxmimum change in the solution is 4.8360094e-10 
At timestep   350 the maxmimum change in the solution is 4.8360094e-10 
At timestep   360 the maxmimum change in the solution is 4.8360094e-10 
At timestep   370 the maxmimum change in the solution is 4.8360094e-10 
At timestep   380 the maxmimum change in the solution is 4.8360094e-10 
At timestep   390 the maxmimum change in the solution is 4.8360083e-10 
At timestep   400 the maxmimum change in the solution is 4.8360083e-10 
At timestep   410 the maxmimum change in the solution is 4.8360083e-10 
At timestep   420 the maxmimum change in the solution is 4.8360083e-10 
At timestep   430 the maxmimum change in the solution is 4.8360083e-10 
At timestep   440 the maxmimum change in the solution is 4.8360083e-10 
At timestep   450 the maxmimum change in the solution is 4.8360083e-10 
At timestep   460 the maxmimum change in the solution is 4.8360083e-10 
At timestep   470 the maxmimum change in the solution is 4.8360083e-10 
At timestep   480 the maxmimum change in the solution is 4.8360083e-10 
At timestep   490 the maxmimum change in the solution is 4.8360083e-10 
At timestep   500 the maxmimum change in the solution is 4.8360083e-10 
At timestep   510 the maxmimum change in the solution is 4.8360083e-10 
At timestep   520 the maxmimum change in the solution is 4.8360083e-10 
At timestep   530 the maxmimum change in the solution is 4.8360083e-10 
At timestep   540 the maxmimum change in the solution is 4.8360083e-10 
At timestep   550 the maxmimum change in the solution is 4.8360083e-10 
At timestep   560 the maxmimum change in the solution is 4.8360083e-10 
At timestep   570 the maxmimum change in the solution is 4.8360083e-10 
At timestep   580 the maxmimum change in the solution is 4.8360083e-10 
At timestep   590 the maxmimum change in the solution is 4.8360083e-10 
At timestep   600 the maxmimum change in the solution is 4.8360083e-10 
At timestep   610 the maxmimum change in the solution is 4.8360083e-10 
At timestep   620 the maxmimum change in the solution is 4.8360083e-10 
At timestep   630 the maxmimum change in the solution is 4.8360083e-10 
At timestep   640 the maxmimum change in the solution is 4.8360083e-10 
At timestep   650 the maxmimum change in the solution is 4.8360083e-10 
At timestep   660 the maxmimum change in the solution is 4.8360083e-10 
At timestep   670 the maxmimum change in the solution is 4.8360083e-10 
At timestep   680 the maxmimum change in the solution is 4.8360083e-10 
At timestep   690 the maxmimum change in the solution is 4.8360083e-10 
At timestep   700 the maxmimum change in the solution is 4.8360083e-10 
At timestep   710 the maxmimum change in the solution is 4.8360083e-10 
At timestep   720 the maxmimum change in the solution is 4.8360083e-10 
At timestep   730 the maxmimum change in the solution is 4.8360083e-10 
At timestep   740 the maxmimum change in the solution is 4.8360083e-10 
At timestep   750 the maxmimum change in the solution is 4.8360083e-10 
At timestep   760 the maxmimum change in the solution is 4.8360083e-10 
At timestep   770 the maxmimum change in the solution is 4.8360083e-10 
At timestep   780 the maxmimum change in the solution is 4.8360083e-10 
At timestep   790 the maxmimum change in the solution is 4.8360083e-10 
At timestep   800 the maxmimum change in the solution is 4.8360072e-10 
At timestep   810 the maxmimum change in the solution is 4.8360072e-10 
At timestep   820 the maxmimum change in the solution is 4.8360072e-10 
At timestep   830 the maxmimum change in the solution is 4.8360072e-10 
At timestep   840 the maxmimum change in the solution is 4.8360072e-10 
At timestep   850 the maxmimum change in the solution is 4.8360072e-10 
At timestep   860 the maxmimum change in the solution is 4.8360072e-10 
At timestep   870 the maxmimum change in the solution is 4.8360072e-10 
At timestep   880 the maxmimum change in the solution is 4.8360072e-10 
At timestep   890 the maxmimum change in the solution is 4.8360072e-10 
At timestep   900 the maxmimum change in the solution is 4.8360072e-10 
At timestep   910 the maxmimum change in the solution is 4.8360072e-10 
At timestep   920 the maxmimum change in the solution is 4.8360072e-10 
At timestep   930 the maxmimum change in the solution is 4.8360072e-10 
At timestep   940 the maxmimum change in the solution is 4.8360072e-10 
At timestep   950 the maxmimum change in the solution is 4.8360072e-10 
At timestep   960 the maxmimum change in the solution is 4.8360072e-10 
At timestep   970 the maxmimum change in the solution is 4.8360072e-10 
At timestep   980 the maxmimum change in the solution is 4.8360072e-10 
At timestep   990 the maxmimum change in the solution is 4.8360072e-10 
At timestep  1000 the maxmimum change in the solution is 4.8360072e-10 
At timestep  1010 the maxmimum change in the solution is 4.8360072e-10 
At timestep  1020 the maxmimum change in the solution is 4.8360072e-10 
At timestep  1030 the maxmimum change in the solution is 4.8360072e-10 
At timestep  1040 the maxmimum change in the solution is 4.8360072e-10 
At timestep  1050 the maxmimum change in the solution is 4.8360072e-10 
At timestep  1060 the maxmimum change in the solution is 4.8360072e-10 
At timestep  1070 the maxmimum change in the solution is 4.8360072e-10 
At timestep  1080 the maxmimum change in the solution is 4.8360072e-10 
At timestep  1090 the maxmimum change in the solution is 4.8360072e-10 
At timestep  1100 the maxmimum change in the solution is 4.8360072e-10 
At timestep  1110 the maxmimum change in the solution is 4.8360072e-10 
At timestep  1120 the maxmimum change in the solution is 4.8360072e-10 
At timestep  1130 the maxmimum change in the solution is 4.8360072e-10 
At timestep  1140 the maxmimum change in the solution is 4.8360072e-10 
At timestep  1150 the maxmimum change in the solution is 4.8360072e-10 
At timestep  1160 the maxmimum change in the solution is 4.8360072e-10 
At timestep  1170 the maxmimum change in the solution is 4.8360072e-10 
At timestep  1180 the maxmimum change in the solution is 4.8360072e-10 
At timestep  1190 the maxmimum change in the solution is 4.8360072e-10 
At timestep  1200 the maxmimum change in the solution is 4.8360072e-10 
At timestep  1210 the maxmimum change in the solution is 4.8360072e-10 
At timestep  1220 the maxmimum change in the solution is 4.8360072e-10 
At timestep  1230 the maxmimum change in the solution is 4.8360072e-10 
At timestep  1240 the maxmimum change in the solution is 4.8360072e-10 
At timestep  1250 the maxmimum change in the solution is 4.8360072e-10 
At timestep  1260 the maxmimum change in the solution is 4.8360072e-10 
At timestep  1270 the maxmimum change in the solution is 4.8360072e-10 
At timestep  1280 the maxmimum change in the solution is 4.8360072e-10 
At timestep  1290 the maxmimum change in the solution is 4.8360072e-10 
At timestep  1300 the maxmimum change in the solution is 4.8360072e-10 
At timestep  1310 the maxmimum change in the solution is 4.8360072e-10 
At timestep  1320 the maxmimum change in the solution is 4.8360072e-10 
At timestep  1330 the maxmimum change in the solution is 4.8360072e-10 
At timestep  1340 the maxmimum change in the solution is 4.8360072e-10 
At timestep  1350 the maxmimum change in the solution is 4.8360072e-10 
At timestep  1360 the maxmimum change in the solution is 4.8360072e-10 
At timestep  1370 the maxmimum change in the solution is 4.8360072e-10 
At timestep  1380 the maxmimum change in the solution is 4.8360072e-10 
At timestep  1390 the maxmimum change in the solution is 4.8360072e-10 
At timestep  1400 the maxmimum change in the solution is 4.8360072e-10 
At timestep  1410 the maxmimum change in the solution is 4.8360072e-10 
At timestep  1420 the maxmimum change in the solution is 4.8360072e-10 
At timestep  1430 the maxmimum change in the solution is 4.8360072e-10 
At timestep  1440 the maxmimum change in the solution is 4.8360072e-10 
At timestep  1450 the maxmimum change in the solution is 4.8360072e-10 
At timestep  1460 the maxmimum change in the solution is 4.8360060e-10 
At timestep  1470 the maxmimum change in the solution is 4.8360060e-10 
At timestep  1480 the maxmimum change in the solution is 4.8360060e-10 
At timestep  1490 the maxmimum change in the solution is 4.8360060e-10 
At timestep  1500 the maxmimum change in the solution is 4.8360060e-10 
At timestep  1510 the maxmimum change in the solution is 4.8360060e-10 
At timestep  1520 the maxmimum change in the solution is 4.8360060e-10 
At timestep  1530 the maxmimum change in the solution is 4.8360060e-10 
At timestep  1540 the maxmimum change in the solution is 4.8360060e-10 
At timestep  1550 the maxmimum change in the solution is 4.8360060e-10 
At timestep  1560 the maxmimum change in the solution is 4.8360060e-10 
At timestep  1570 the maxmimum change in the solution is 4.8360060e-10 
At timestep  1580 the maxmimum change in the solution is 4.8360060e-10 
At timestep  1590 the maxmimum change in the solution is 4.8360060e-10 
At timestep  1600 the maxmimum change in the solution is 4.8360060e-10 
At timestep  1610 the maxmimum change in the solution is 4.8360060e-10 
At timestep  1620 the maxmimum change in the solution is 4.8360060e-10 
At timestep  1630 the maxmimum change in the solution is 4.8360060e-10 
At timestep  1640 the maxmimum change in the solution is 4.8360060e-10 
At timestep  1650 the maxmimum change in the solution is 4.8360060e-10 
At timestep  1660 the maxmimum change in the solution is 4.8360060e-10 
At timestep  1670 the maxmimum change in the solution is 4.8360060e-10 
At timestep  1680 the maxmimum change in the solution is 4.8360060e-10 
At timestep  1690 the maxmimum change in the solution is 4.8360060e-10 
At timestep  1700 the maxmimum change in the solution is 4.8360060e-10 
At timestep  1710 the maxmimum change in the solution is 4.8360060e-10 
At timestep  1720 the maxmimum change in the solution is 4.8360060e-10 
At timestep  1730 the maxmimum change in the solution is 4.8360060e-10 
At timestep  1740 the maxmimum change in the solution is 4.8360049e-10 
At timestep  1750 the maxmimum change in the solution is 4.8360049e-10 
At timestep  1760 the maxmimum change in the solution is 4.8360049e-10 
At timestep  1770 the maxmimum change in the solution is 4.8360049e-10 
At timestep  1780 the maxmimum change in the solution is 4.8360049e-10 
At timestep  1790 the maxmimum change in the solution is 4.8360049e-10 
At timestep  1800 the maxmimum change in the solution is 4.8360049e-10 
At timestep  1810 the maxmimum change in the solution is 4.8360049e-10 
At timestep  1820 the maxmimum change in the solution is 4.8360049e-10 
At timestep  1830 the maxmimum change in the solution is 4.8360049e-10 
At timestep  1840 the maxmimum change in the solution is 4.8360049e-10 
At timestep  1850 the maxmimum change in the solution is 4.8360049e-10 
At timestep  1860 the maxmimum change in the solution is 4.8360049e-10 
At timestep  1870 the maxmimum change in the solution is 4.8360049e-10 
At timestep  1880 the maxmimum change in the solution is 4.8360049e-10 
At timestep  1890 the maxmimum change in the solution is 4.8360049e-10 
At timestep  1900 the maxmimum change in the solution is 4.8360049e-10 
At timestep  1910 the maxmimum change in the solution is 4.8360049e-10 
At timestep  1920 the maxmimum change in the solution is 4.8360049e-10 
At timestep  1930 the maxmimum change in the solution is 4.8360049e-10 
At timestep  1940 the maxmimum change in the solution is 4.8360049e-10 
At timestep  1950 the maxmimum change in the solution is 4.8360049e-10 
At timestep  1960 the maxmimum change in the solution is 4.8360049e-10 
At timestep  1970 the maxmimum change in the solution is 4.8360049e-10 
At timestep  1980 the maxmimum change in the solution is 4.8360049e-10 
At timestep  1990 the maxmimum change in the solution is 4.8360049e-10 
At timestep  2000 the maxmimum change in the solution is 4.8360049e-10 
At timestep  2010 the maxmimum change in the solution is 4.8360049e-10 
At timestep  2020 the maxmimum change in the solution is 4.8360049e-10 
At timestep  2030 the maxmimum change in the solution is 4.8360049e-10 
At timestep  2040 the maxmimum change in the solution is 4.8360049e-10 
At timestep  2050 the maxmimum change in the solution is 4.8360049e-10 
At timestep  2060 the maxmimum change in the solution is 4.8360049e-10 
At timestep  2070 the maxmimum change in the solution is 4.8360049e-10 
At timestep  2080 the maxmimum change in the solution is 4.8360049e-10 
At timestep  2090 the maxmimum change in the solution is 4.8360049e-10 
At timestep  2100 the maxmimum change in the solution is 4.8360049e-10 
At timestep  2110 the maxmimum change in the solution is 4.8360049e-10 
At timestep  2120 the maxmimum change in the solution is 4.8360049e-10 
At timestep  2130 the maxmimum change in the solution is 4.8360049e-10 
At timestep  2140 the maxmimum change in the solution is 4.8360049e-10 
At timestep  2150 the maxmimum change in the solution is 4.8360049e-10 
At timestep  2160 the maxmimum change in the solution is 4.8360049e-10 
At timestep  2170 the maxmimum change in the solution is 4.8360049e-10 
At timestep  2180 the maxmimum change in the solution is 4.8360049e-10 
At timestep  2190 the maxmimum change in the solution is 4.8360049e-10 
At timestep  2200 the maxmimum change in the solution is 4.8360049e-10 
At timestep  2210 the maxmimum change in the solution is 4.8360049e-10 
At timestep  2220 the maxmimum change in the solution is 4.8360049e-10 
At timestep  2230 the maxmimum change in the solution is 4.8360049e-10 
At timestep  2240 the maxmimum change in the solution is 4.8360049e-10 
At timestep  2250 the maxmimum change in the solution is 4.8360049e-10 
At timestep  2260 the maxmimum change in the solution is 4.8360049e-10 
At timestep  2270 the maxmimum change in the solution is 4.8360049e-10 
At timestep  2280 the maxmimum change in the solution is 4.8360049e-10 
At timestep  2290 the maxmimum change in the solution is 4.8360049e-10 
At timestep  2300 the maxmimum change in the solution is 4.8360049e-10 
At timestep  2310 the maxmimum change in the solution is 4.8360049e-10 
At timestep  2320 the maxmimum change in the solution is 4.8360049e-10 
At timestep  2330 the maxmimum change in the solution is 4.8360049e-10 
At timestep  2340 the maxmimum change in the solution is 4.8360049e-10 
At timestep  2350 the maxmimum change in the solution is 4.8360049e-10 
At timestep  2360 the maxmimum change in the solution is 4.8360049e-10 
At timestep  2370 the maxmimum change in the solution is 4.8360049e-10 
At timestep  2380 the maxmimum change in the solution is 4.8360049e-10 
At timestep  2390 the maxmimum change in the solution is 4.8360049e-10 
At timestep  2400 the maxmimum change in the solution is 4.8360049e-10 
At timestep  2410 the maxmimum change in the solution is 4.8360049e-10 
At timestep  2420 the maxmimum change in the solution is 4.8360049e-10 
At timestep  2430 the maxmimum change in the solution is 4.8360049e-10 
At timestep  2440 the maxmimum change in the solution is 4.8360049e-10 
At timestep  2450 the maxmimum change in the solution is 4.8360049e-10 
At timestep  2460 the maxmimum change in the solution is 4.8360049e-10 
At timestep  2470 the maxmimum change in the solution is 4.8360049e-10 
At timestep  2480 the maxmimum change in the solution is 4.8360049e-10 
At timestep  2490 the maxmimum change in the solution is 4.8360049e-10 
At timestep  2500 the maxmimum change in the solution is 4.8360049e-10 
At timestep  2510 the maxmimum change in the solution is 4.8360049e-10 
At timestep  2520 the maxmimum change in the solution is 4.8360049e-10 
At timestep  2530 the maxmimum change in the solution is 4.8360049e-10 
At timestep  2540 the maxmimum change in the solution is 4.8360049e-10 
At timestep  2550 the maxmimum change in the solution is 4.8360049e-10 
At timestep  2560 the maxmimum change in the solution is 4.8360049e-10 
At timestep  2570 the maxmimum change in the solution is 4.8360049e-10 
At timestep  2580 the maxmimum change in the solution is 4.8360049e-10 
At timestep  2590 the maxmimum change in the solution is 4.8360049e-10 
At timestep  2600 the maxmimum change in the solution is 4.8360049e-10 
At timestep  2610 the maxmimum change in the solution is 4.8360049e-10 
At timestep  2620 the maxmimum change in the solution is 4.8360049e-10 
At timestep  2630 the maxmimum change in the solution is 4.8360049e-10 
At timestep  2640 the maxmimum change in the solution is 4.8360049e-10 
At timestep  2650 the maxmimum change in the solution is 4.8360049e-10 
At timestep  2660 the maxmimum change in the solution is 4.8360038e-10 
At timestep  2670 the maxmimum change in the solution is 4.8360038e-10 
At timestep  2680 the maxmimum change in the solution is 4.8360038e-10 
At timestep  2690 the maxmimum change in the solution is 4.8360038e-10 
At timestep  2700 the maxmimum change in the solution is 4.8360038e-10 
At timestep  2710 the maxmimum change in the solution is 4.8360038e-10 
At timestep  2720 the maxmimum change in the solution is 4.8360038e-10 
At timestep  2730 the maxmimum change in the solution is 4.8360027e-10 
At timestep  2740 the maxmimum change in the solution is 4.8360027e-10 
At timestep  2750 the maxmimum change in the solution is 4.8360027e-10 
At timestep  2760 the maxmimum change in the solution is 4.8360027e-10 
At timestep  2770 the maxmimum change in the solution is 4.8360027e-10 
At timestep  2780 the maxmimum change in the solution is 4.8360027e-10 
At timestep  2790 the maxmimum change in the solution is 4.8360027e-10 
At timestep  2800 the maxmimum change in the solution is 4.8360027e-10 
At timestep  2810 the maxmimum change in the solution is 4.8360027e-10 
At timestep  2820 the maxmimum change in the solution is 4.8360027e-10 
At timestep  2830 the maxmimum change in the solution is 4.8360027e-10 
At timestep  2840 the maxmimum change in the solution is 4.8360027e-10 
At timestep  2850 the maxmimum change in the solution is 4.8360027e-10 
At timestep  2860 the maxmimum change in the solution is 4.8360027e-10 
At timestep  2870 the maxmimum change in the solution is 4.8360027e-10 
At timestep  2880 the maxmimum change in the solution is 4.8360027e-10 
At timestep  2890 the maxmimum change in the solution is 4.8360027e-10 
At timestep  2900 the maxmimum change in the solution is 4.8360027e-10 
At timestep  2910 the maxmimum change in the solution is 4.8360027e-10 
At timestep  2920 the maxmimum change in the solution is 4.8360027e-10 
At timestep  2930 the maxmimum change in the solution is 4.8360027e-10 
At timestep  2940 the maxmimum change in the solution is 4.8360027e-10 
At timestep  2950 the maxmimum change in the solution is 4.8360027e-10 
At timestep  2960 the maxmimum change in the solution is 4.8360027e-10 
At timestep  2970 the maxmimum change in the solution is 4.8360027e-10 
At timestep  2980 the maxmimum change in the solution is 4.8360027e-10 
At timestep  2990 the maxmimum change in the solution is 4.8360027e-10 
At timestep  3000 the maxmimum change in the solution is 4.8360027e-10 
At timestep  3010 the maxmimum change in the solution is 4.8360027e-10 
At timestep  3020 the maxmimum change in the solution is 4.8360027e-10 
At timestep  3030 the maxmimum change in the solution is 4.8360027e-10 
At timestep  3040 the maxmimum change in the solution is 4.8360027e-10 
At timestep  3050 the maxmimum change in the solution is 4.8360027e-10 
At timestep  3060 the maxmimum change in the solution is 4.8360027e-10 
At timestep  3070 the maxmimum change in the solution is 4.8360027e-10 
At timestep  3080 the maxmimum change in the solution is 4.8360027e-10 
At timestep  3090 the maxmimum change in the solution is 4.8360027e-10 
At timestep  3100 the maxmimum change in the solution is 4.8360027e-10 
At timestep  3110 the maxmimum change in the solution is 4.8360027e-10 
At timestep  3120 the maxmimum change in the solution is 4.8360027e-10 
At timestep  3130 the maxmimum change in the solution is 4.8360027e-10 
At timestep  3140 the maxmimum change in the solution is 4.8360027e-10 
At timestep  3150 the maxmimum change in the solution is 4.8360027e-10 
At timestep  3160 the maxmimum change in the solution is 4.8360027e-10 
At timestep  3170 the maxmimum change in the solution is 4.8360027e-10 
At timestep  3180 the maxmimum change in the solution is 4.8360016e-10 
At timestep  3190 the maxmimum change in the solution is 4.8360016e-10 
At timestep  3200 the maxmimum change in the solution is 4.8360016e-10 
At timestep  3210 the maxmimum change in the solution is 4.8360016e-10 
At timestep  3220 the maxmimum change in the solution is 4.8360016e-10 
At timestep  3230 the maxmimum change in the solution is 4.8360016e-10 
At timestep  3240 the maxmimum change in the solution is 4.8360016e-10 
At timestep  3250 the maxmimum change in the solution is 4.8360016e-10 
At timestep  3260 the maxmimum change in the solution is 4.8360016e-10 
At timestep  3270 the maxmimum change in the solution is 4.8360016e-10 
At timestep  3280 the maxmimum change in the solution is 4.8360016e-10 
At timestep  3290 the maxmimum change in the solution is 4.8360016e-10 
At timestep  3300 the maxmimum change in the solution is 4.8360016e-10 
At timestep  3310 the maxmimum change in the solution is 4.8360016e-10 
At timestep  3320 the maxmimum change in the solution is 4.8360016e-10 
At timestep  3330 the maxmimum change in the solution is 4.8360016e-10 
At timestep  3340 the maxmimum change in the solution is 4.8360016e-10 
At timestep  3350 the maxmimum change in the solution is 4.8360016e-10 
At timestep  3360 the maxmimum change in the solution is 4.8360016e-10 
At timestep  3370 the maxmimum change in the solution is 4.8360016e-10 
At timestep  3380 the maxmimum change in the solution is 4.8360016e-10 
At timestep  3390 the maxmimum change in the solution is 4.8360016e-10 
At timestep  3400 the maxmimum change in the solution is 4.8360016e-10 
At timestep  3410 the maxmimum change in the solution is 4.8360016e-10 
At timestep  3420 the maxmimum change in the solution is 4.8360016e-10 
At timestep  3430 the maxmimum change in the solution is 4.8360016e-10 
At timestep  3440 the maxmimum change in the solution is 4.8360016e-10 
At timestep  3450 the maxmimum change in the solution is 4.8360016e-10 
At timestep  3460 the maxmimum change in the solution is 4.8360016e-10 
At timestep  3470 the maxmimum change in the solution is 4.8360016e-10 
At timestep  3480 the maxmimum change in the solution is 4.8360016e-10 
At timestep  3490 the maxmimum change in the solution is 4.8360016e-10 
At timestep  3500 the maxmimum change in the solution is 4.8360016e-10 
At timestep  3510 the maxmimum change in the solution is 4.8360016e-10 
At timestep  3520 the maxmimum change in the solution is 4.8360016e-10 
At timestep  3530 the maxmimum change in the solution is 4.8360016e-10 
At timestep  3540 the maxmimum change in the solution is 4.8360016e-10 
At timestep  3550 the maxmimum change in the solution is 4.8360016e-10 
At timestep  3560 the maxmimum change in the solution is 4.8360016e-10 
At timestep  3570 the maxmimum change in the solution is 4.8360016e-10 
At timestep  3580 the maxmimum change in the solution is 4.8360016e-10 
At timestep  3590 the maxmimum change in the solution is 4.8360016e-10 
At timestep  3600 the maxmimum change in the solution is 4.8360016e-10 
At timestep  3610 the maxmimum change in the solution is 4.8360016e-10 
At timestep  3620 the maxmimum change in the solution is 4.8360016e-10 
At timestep  3630 the maxmimum change in the solution is 4.8360016e-10 
At timestep  3640 the maxmimum change in the solution is 4.8360016e-10 
At timestep  3650 the maxmimum change in the solution is 4.8360005e-10 
At timestep  3660 the maxmimum change in the solution is 4.8360005e-10 
At timestep  3670 the maxmimum change in the solution is 4.8360005e-10 
At timestep  3680 the maxmimum change in the solution is 4.8360005e-10 
At timestep  3690 the maxmimum change in the solution is 4.8360005e-10 
At timestep  3700 the maxmimum change in the solution is 4.8360005e-10 
At timestep  3710 the maxmimum change in the solution is 4.8360005e-10 
At timestep  3720 the maxmimum change in the solution is 4.8360005e-10 
At timestep  3730 the maxmimum change in the solution is 4.8360005e-10 
At timestep  3740 the maxmimum change in the solution is 4.8360005e-10 
At timestep  3750 the maxmimum change in the solution is 4.8360005e-10 
At timestep  3760 the maxmimum change in the solution is 4.8360005e-10 
At timestep  3770 the maxmimum change in the solution is 4.8360005e-10 
At timestep  3780 the maxmimum change in the solution is 4.8360005e-10 
At timestep  3790 the maxmimum change in the solution is 4.8360005e-10 
At timestep  3800 the maxmimum change in the solution is 4.8360005e-10 
At timestep  3810 the maxmimum change in the solution is 4.8360005e-10 
At timestep  3820 the maxmimum change in the solution is 4.8360005e-10 
At timestep  3830 the maxmimum change in the solution is 4.8360005e-10 
At timestep  3840 the maxmimum change in the solution is 4.8360005e-10 
At timestep  3850 the maxmimum change in the solution is 4.8360005e-10 
At timestep  3860 the maxmimum change in the solution is 4.8360005e-10 
At timestep  3870 the maxmimum change in the solution is 4.8360005e-10 
At timestep  3880 the maxmimum change in the solution is 4.8360005e-10 
At timestep  3890 the maxmimum change in the solution is 4.8360005e-10 
At timestep  3900 the maxmimum change in the solution is 4.8360005e-10 
At timestep  3910 the maxmimum change in the solution is 4.8360005e-10 
At timestep  3920 the maxmimum change in the solution is 4.8360005e-10 
At timestep  3930 the maxmimum change in the solution is 4.8360005e-10 
At timestep  3940 the maxmimum change in the solution is 4.8360005e-10 
At timestep  3950 the maxmimum change in the solution is 4.8360005e-10 
At timestep  3960 the maxmimum change in the solution is 4.8360005e-10 
At timestep  3970 the maxmimum change in the solution is 4.8360005e-10 
At timestep  3980 the maxmimum change in the solution is 4.8360005e-10 
At timestep  3990 the maxmimum change in the solution is 4.8360005e-10 
At timestep  4000 the maxmimum change in the solution is 4.8360005e-10 
At timestep  4010 the maxmimum change in the solution is 4.8360005e-10 
At timestep  4020 the maxmimum change in the solution is 4.8360005e-10 
At timestep  4030 the maxmimum change in the solution is 4.8360005e-10 
At timestep  4040 the maxmimum change in the solution is 4.8360005e-10 
At timestep  4050 the maxmimum change in the solution is 4.8360005e-10 
At timestep  4060 the maxmimum change in the solution is 4.8360005e-10 
At timestep  4070 the maxmimum change in the solution is 4.8360005e-10 
At timestep  4080 the maxmimum change in the solution is 4.8360005e-10 
At timestep  4090 the maxmimum change in the solution is 4.8360005e-10 
At timestep  4100 the maxmimum change in the solution is 4.8360005e-10 
At timestep  4110 the maxmimum change in the solution is 4.8360005e-10 
At timestep  4120 the maxmimum change in the solution is 4.8360005e-10 
At timestep  4130 the maxmimum change in the solution is 4.8360005e-10 
At timestep  4140 the maxmimum change in the solution is 4.8360005e-10 
At timestep  4150 the maxmimum change in the solution is 4.8360005e-10 
At timestep  4160 the maxmimum change in the solution is 4.8359994e-10 
At timestep  4170 the maxmimum change in the solution is 4.8359994e-10 
At timestep  4180 the maxmimum change in the solution is 4.8359994e-10 
At timestep  4190 the maxmimum change in the solution is 4.8359994e-10 
At timestep  4200 the maxmimum change in the solution is 4.8359994e-10 
At timestep  4210 the maxmimum change in the solution is 4.8359994e-10 
At timestep  4220 the maxmimum change in the solution is 4.8359994e-10 
At timestep  4230 the maxmimum change in the solution is 4.8359994e-10 
At timestep  4240 the maxmimum change in the solution is 4.8359994e-10 
At timestep  4250 the maxmimum change in the solution is 4.8359994e-10 
At timestep  4260 the maxmimum change in the solution is 4.8359994e-10 
At timestep  4270 the maxmimum change in the solution is 4.8359994e-10 
At timestep  4280 the maxmimum change in the solution is 4.8359994e-10 
At timestep  4290 the maxmimum change in the solution is 4.8359994e-10 
At timestep  4300 the maxmimum change in the solution is 4.8359994e-10 
At timestep  4310 the maxmimum change in the solution is 4.8359994e-10 
At timestep  4320 the maxmimum change in the solution is 4.8359994e-10 
At timestep  4330 the maxmimum change in the solution is 4.8359994e-10 
At timestep  4340 the maxmimum change in the solution is 4.8359994e-10 
At timestep  4350 the maxmimum change in the solution is 4.8359994e-10 
At timestep  4360 the maxmimum change in the solution is 4.8359994e-10 
At timestep  4370 the maxmimum change in the solution is 4.8359994e-10 
At timestep  4380 the maxmimum change in the solution is 4.8359994e-10 
At timestep  4390 the maxmimum change in the solution is 4.8359994e-10 
At timestep  4400 the maxmimum change in the solution is 4.8359994e-10 
At timestep  4410 the maxmimum change in the solution is 4.8359994e-10 
At timestep  4420 the maxmimum change in the solution is 4.8359994e-10 
At timestep  4430 the maxmimum change in the solution is 4.8359994e-10 
At timestep  4440 the maxmimum change in the solution is 4.8359994e-10 
At timestep  4450 the maxmimum change in the solution is 4.8359994e-10 
At timestep  4460 the maxmimum change in the solution is 4.8359994e-10 
At timestep  4470 the maxmimum change in the solution is 4.8359994e-10 
At timestep  4480 the maxmimum change in the solution is 4.8359994e-10 
At timestep  4490 the maxmimum change in the solution is 4.8359994e-10 
At timestep  4500 the maxmimum change in the solution is 4.8359994e-10 
At timestep  4510 the maxmimum change in the solution is 4.8359994e-10 
At timestep  4520 the maxmimum change in the solution is 4.8359994e-10 
At timestep  4530 the maxmimum change in the solution is 4.8359994e-10 
At timestep  4540 the maxmimum change in the solution is 4.8359994e-10 
At timestep  4550 the maxmimum change in the solution is 4.8359994e-10 
At timestep  4560 the maxmimum change in the solution is 4.8359994e-10 
At timestep  4570 the maxmimum change in the solution is 4.8359994e-10 
At timestep  4580 the maxmimum change in the solution is 4.8359994e-10 
At timestep  4590 the maxmimum change in the solution is 4.8359994e-10 
At timestep  4600 the maxmimum change in the solution is 4.8359994e-10 
At timestep  4610 the maxmimum change in the solution is 4.8359994e-10 
At timestep  4620 the maxmimum change in the solution is 4.8359994e-10 
At timestep  4630 the maxmimum change in the solution is 4.8359994e-10 
At timestep  4640 the maxmimum change in the solution is 4.8359994e-10 
At timestep  4650 the maxmimum change in the solution is 4.8359994e-10 
At timestep  4660 the maxmimum change in the solution is 4.8359994e-10 
At timestep  4670 the maxmimum change in the solution is 4.8359983e-10 
At timestep  4680 the maxmimum change in the solution is 4.8359983e-10 
At timestep  4690 the maxmimum change in the solution is 4.8359983e-10 
At timestep  4700 the maxmimum change in the solution is 4.8359983e-10 
At timestep  4710 the maxmimum change in the solution is 4.8359983e-10 
At timestep  4720 the maxmimum change in the solution is 4.8359983e-10 
At timestep  4730 the maxmimum change in the solution is 4.8359983e-10 
At timestep  4740 the maxmimum change in the solution is 4.8359983e-10 
At timestep  4750 the maxmimum change in the solution is 4.8359983e-10 
At timestep  4760 the maxmimum change in the solution is 4.8359983e-10 
At timestep  4770 the maxmimum change in the solution is 4.8359983e-10 
At timestep  4780 the maxmimum change in the solution is 4.8359983e-10 
At timestep  4790 the maxmimum change in the solution is 4.8359983e-10 
At timestep  4800 the maxmimum change in the solution is 4.8359983e-10 
At timestep  4810 the maxmimum change in the solution is 4.8359983e-10 
At timestep  4820 the maxmimum change in the solution is 4.8359983e-10 
At timestep  4830 the maxmimum change in the solution is 4.8359983e-10 
At timestep  4840 the maxmimum change in the solution is 4.8359983e-10 
At timestep  4850 the maxmimum change in the solution is 4.8359983e-10 
At timestep  4860 the maxmimum change in the solution is 4.8359983e-10 
At timestep  4870 the maxmimum change in the solution is 4.8359983e-10 
At timestep  4880 the maxmimum change in the solution is 4.8359983e-10 
At timestep  4890 the maxmimum change in the solution is 4.8359983e-10 
At timestep  4900 the maxmimum change in the solution is 4.8359983e-10 
At timestep  4910 the maxmimum change in the solution is 4.8359983e-10 
At timestep  4920 the maxmimum change in the solution is 4.8359983e-10 
At timestep  4930 the maxmimum change in the solution is 4.8359983e-10 
At timestep  4940 the maxmimum change in the solution is 4.8359983e-10 
At timestep  4950 the maxmimum change in the solution is 4.8359983e-10 
At timestep  4960 the maxmimum change in the solution is 4.8359983e-10 
At timestep  4970 the maxmimum change in the solution is 4.8359983e-10 
At timestep  4980 the maxmimum change in the solution is 4.8359983e-10 
At timestep  4990 the maxmimum change in the solution is 4.8359983e-10 
At timestep  5000 the maxmimum change in the solution is 4.8359983e-10 
At timestep  5010 the maxmimum change in the solution is 4.8359983e-10 
At timestep  5020 the maxmimum change in the solution is 4.8359983e-10 
At timestep  5030 the maxmimum change in the solution is 4.8359983e-10 
At timestep  5040 the maxmimum change in the solution is 4.8359983e-10 
At timestep  5050 the maxmimum change in the solution is 4.8359983e-10 
At timestep  5060 the maxmimum change in the solution is 4.8359983e-10 
At timestep  5070 the maxmimum change in the solution is 4.8359983e-10 
At timestep  5080 the maxmimum change in the solution is 4.8359983e-10 
At timestep  5090 the maxmimum change in the solution is 4.8359983e-10 
At timestep  5100 the maxmimum change in the solution is 4.8359983e-10 
At timestep  5110 the maxmimum change in the solution is 4.8359983e-10 
At timestep  5120 the maxmimum change in the solution is 4.8359983e-10 
At timestep  5130 the maxmimum change in the solution is 4.8359983e-10 
At timestep  5140 the maxmimum change in the solution is 4.8359983e-10 
At timestep  5150 the maxmimum change in the solution is 4.8359983e-10 
At timestep  5160 the maxmimum change in the solution is 4.8359983e-10 
At timestep  5170 the maxmimum change in the solution is 4.8359983e-10 
At timestep  5180 the maxmimum change in the solution is 4.8359983e-10 
At timestep  5190 the maxmimum change in the solution is 4.8359983e-10 
At timestep  5200 the maxmimum change in the solution is 4.8359983e-10 
At timestep  5210 the maxmimum change in the solution is 4.8359983e-10 
At timestep  5220 the maxmimum change in the solution is 4.8359983e-10 
At timestep  5230 the maxmimum change in the solution is 4.8359983e-10 
At timestep  5240 the maxmimum change in the solution is 4.8359983e-10 
At timestep  5250 the maxmimum change in the solution is 4.8359983e-10 
At timestep  5260 the maxmimum change in the solution is 4.8359983e-10 
At timestep  5270 the maxmimum change in the solution is 4.8359983e-10 
At timestep  5280 the maxmimum change in the solution is 4.8359983e-10 
At timestep  5290 the maxmimum change in the solution is 4.8359983e-10 
At timestep  5300 the maxmimum change in the solution is 4.8359983e-10 
At timestep  5310 the maxmimum change in the solution is 4.8359983e-10 
At timestep  5320 the maxmimum change in the solution is 4.8359983e-10 
At timestep  5330 the maxmimum change in the solution is 4.8359972e-10 
At timestep  5340 the maxmimum change in the solution is 4.8359983e-10 
At timestep  5350 the maxmimum change in the solution is 4.8359972e-10 
At timestep  5360 the maxmimum change in the solution is 4.8359972e-10 
At timestep  5370 the maxmimum change in the solution is 4.8359972e-10 
At timestep  5380 the maxmimum change in the solution is 4.8359972e-10 
At timestep  5390 the maxmimum change in the solution is 4.8359972e-10 
At timestep  5400 the maxmimum change in the solution is 4.8359972e-10 
At timestep  5410 the maxmimum change in the solution is 4.8359972e-10 
At timestep  5420 the maxmimum change in the solution is 4.8359972e-10 
At timestep  5430 the maxmimum change in the solution is 4.8359972e-10 
At timestep  5440 the maxmimum change in the solution is 4.8359972e-10 
At timestep  5450 the maxmimum change in the solution is 4.8359972e-10 
At timestep  5460 the maxmimum change in the solution is 4.8359972e-10 
At timestep  5470 the maxmimum change in the solution is 4.8359972e-10 
At timestep  5480 the maxmimum change in the solution is 4.8359972e-10 
At timestep  5490 the maxmimum change in the solution is 4.8359972e-10 
At timestep  5500 the maxmimum change in the solution is 4.8359972e-10 
At timestep  5510 the maxmimum change in the solution is 4.8359972e-10 
At timestep  5520 the maxmimum change in the solution is 4.8359972e-10 
At timestep  5530 the maxmimum change in the solution is 4.8359972e-10 
At timestep  5540 the maxmimum change in the solution is 4.8359972e-10 
At timestep  5550 the maxmimum change in the solution is 4.8359972e-10 
At timestep  5560 the maxmimum change in the solution is 4.8359972e-10 
At timestep  5570 the maxmimum change in the solution is 4.8359972e-10 
At timestep  5580 the maxmimum change in the solution is 4.8359972e-10 
At timestep  5590 the maxmimum change in the solution is 4.8359972e-10 
At timestep  5600 the maxmimum change in the solution is 4.8359972e-10 
At timestep  5610 the maxmimum change in the solution is 4.8359972e-10 
At timestep  5620 the maxmimum change in the solution is 4.8359972e-10 
At timestep  5630 the maxmimum change in the solution is 4.8359972e-10 
At timestep  5640 the maxmimum change in the solution is 4.8359972e-10 
At timestep  5650 the maxmimum change in the solution is 4.8359972e-10 
At timestep  5660 the maxmimum change in the solution is 4.8359972e-10 
At timestep  5670 the maxmimum change in the solution is 4.8359972e-10 
At timestep  5680 the maxmimum change in the solution is 4.8359972e-10 
At timestep  5690 the maxmimum change in the solution is 4.8359972e-10 
At timestep  5700 the maxmimum change in the solution is 4.8359972e-10 
At timestep  5710 the maxmimum change in the solution is 4.8359972e-10 
At timestep  5720 the maxmimum change in the solution is 4.8359972e-10 
At timestep  5730 the maxmimum change in the solution is 4.8359972e-10 
At timestep  5740 the maxmimum change in the solution is 4.8359960e-10 
At timestep  5750 the maxmimum change in the solution is 4.8359960e-10 
At timestep  5760 the maxmimum change in the solution is 4.8359960e-10 
At timestep  5770 the maxmimum change in the solution is 4.8359960e-10 
At timestep  5780 the maxmimum change in the solution is 4.8359960e-10 
At timestep  5790 the maxmimum change in the solution is 4.8359960e-10 
At timestep  5800 the maxmimum change in the solution is 4.8359960e-10 
At timestep  5810 the maxmimum change in the solution is 4.8359960e-10 
At timestep  5820 the maxmimum change in the solution is 4.8359960e-10 
At timestep  5830 the maxmimum change in the solution is 4.8359960e-10 
At timestep  5840 the maxmimum change in the solution is 4.8359960e-10 
At timestep  5850 the maxmimum change in the solution is 4.8359960e-10 
At timestep  5860 the maxmimum change in the solution is 4.8359960e-10 
At timestep  5870 the maxmimum change in the solution is 4.8359960e-10 
At timestep  5880 the maxmimum change in the solution is 4.8359960e-10 
At timestep  5890 the maxmimum change in the solution is 4.8359960e-10 
At timestep  5900 the maxmimum change in the solution is 4.8359960e-10 
At timestep  5910 the maxmimum change in the solution is 4.8359960e-10 
At timestep  5920 the maxmimum change in the solution is 4.8359960e-10 
At timestep  5930 the maxmimum change in the solution is 4.8359960e-10 
At timestep  5940 the maxmimum change in the solution is 4.8359960e-10 
At timestep  5950 the maxmimum change in the solution is 4.8359960e-10 
At timestep  5960 the maxmimum change in the solution is 4.8359960e-10 
At timestep  5970 the maxmimum change in the solution is 4.8359960e-10 
At timestep  5980 the maxmimum change in the solution is 4.8359960e-10 
At timestep  5990 the maxmimum change in the solution is 4.8359960e-10 
At timestep  6000 the maxmimum change in the solution is 4.8359960e-10 
At timestep  6010 the maxmimum change in the solution is 4.8359960e-10 
At timestep  6020 the maxmimum change in the solution is 4.8359960e-10 
At timestep  6030 the maxmimum change in the solution is 4.8359960e-10 
At timestep  6040 the maxmimum change in the solution is 4.8359960e-10 
At timestep  6050 the maxmimum change in the solution is 4.8359960e-10 
At timestep  6060 the maxmimum change in the solution is 4.8359960e-10 
At timestep  6070 the maxmimum change in the solution is 4.8359960e-10 
At timestep  6080 the maxmimum change in the solution is 4.8359960e-10 
At timestep  6090 the maxmimum change in the solution is 4.8359960e-10 
At timestep  6100 the maxmimum change in the solution is 4.8359960e-10 
At timestep  6110 the maxmimum change in the solution is 4.8359960e-10 
At timestep  6120 the maxmimum change in the solution is 4.8359960e-10 
At timestep  6130 the maxmimum change in the solution is 4.8359960e-10 
At timestep  6140 the maxmimum change in the solution is 4.8359960e-10 
At timestep  6150 the maxmimum change in the solution is 4.8359960e-10 
At timestep  6160 the maxmimum change in the solution is 4.8359949e-10 
At timestep  6170 the maxmimum change in the solution is 4.8359949e-10 
At timestep  6180 the maxmimum change in the solution is 4.8359949e-10 
At timestep  6190 the maxmimum change in the solution is 4.8359949e-10 
At timestep  6200 the maxmimum change in the solution is 4.8359949e-10 
At timestep  6210 the maxmimum change in the solution is 4.8359949e-10 
At timestep  6220 the maxmimum change in the solution is 4.8359949e-10 
At timestep  6230 the maxmimum change in the solution is 4.8359949e-10 
At timestep  6240 the maxmimum change in the solution is 4.8359949e-10 
At timestep  6250 the maxmimum change in the solution is 4.8359949e-10 
At timestep  6260 the maxmimum change in the solution is 4.8359949e-10 
At timestep  6270 the maxmimum change in the solution is 4.8359949e-10 
At timestep  6280 the maxmimum change in the solution is 4.8359949e-10 
At timestep  6290 the maxmimum change in the solution is 4.8359949e-10 
At timestep  6300 the maxmimum change in the solution is 4.8359949e-10 
At timestep  6310 the maxmimum change in the solution is 4.8359949e-10 
At timestep  6320 the maxmimum change in the solution is 4.8359949e-10 
At timestep  6330 the maxmimum change in the solution is 4.8359949e-10 
At timestep  6340 the maxmimum change in the solution is 4.8359949e-10 
At timestep  6350 the maxmimum change in the solution is 4.8359949e-10 
At timestep  6360 the maxmimum change in the solution is 4.8359949e-10 
At timestep  6370 the maxmimum change in the solution is 4.8359949e-10 
At timestep  6380 the maxmimum change in the solution is 4.8359949e-10 
At timestep  6390 the maxmimum change in the solution is 4.8359949e-10 
At timestep  6400 the maxmimum change in the solution is 4.8359949e-10 
At timestep  6410 the maxmimum change in the solution is 4.8359949e-10 
At timestep  6420 the maxmimum change in the solution is 4.8359949e-10 
At timestep  6430 the maxmimum change in the solution is 4.8359949e-10 
At timestep  6440 the maxmimum change in the solution is 4.8359949e-10 
At timestep  6450 the maxmimum change in the solution is 4.8359949e-10 
At timestep  6460 the maxmimum change in the solution is 4.8359949e-10 
At timestep  6470 the maxmimum change in the solution is 4.8359949e-10 
At timestep  6480 the maxmimum change in the solution is 4.8359949e-10 
At timestep  6490 the maxmimum change in the solution is 4.8359949e-10 
At timestep  6500 the maxmimum change in the solution is 4.8359949e-10 
At timestep  6510 the maxmimum change in the solution is 4.8359949e-10 
At timestep  6520 the maxmimum change in the solution is 4.8359949e-10 
At timestep  6530 the maxmimum change in the solution is 4.8359949e-10 
At timestep  6540 the maxmimum change in the solution is 4.8359949e-10 
At timestep  6550 the maxmimum change in the solution is 4.8359949e-10 
At timestep  6560 the maxmimum change in the solution is 4.8359949e-10 
At timestep  6570 the maxmimum change in the solution is 4.8359949e-10 
At timestep  6580 the maxmimum change in the solution is 4.8359949e-10 
At timestep  6590 the maxmimum change in the solution is 4.8359949e-10 
At timestep  6600 the maxmimum change in the solution is 4.8359949e-10 
At timestep  6610 the maxmimum change in the solution is 4.8359938e-10 
At timestep  6620 the maxmimum change in the solution is 4.8359938e-10 
At timestep  6630 the maxmimum change in the solution is 4.8359938e-10 
At timestep  6640 the maxmimum change in the solution is 4.8359938e-10 
At timestep  6650 the maxmimum change in the solution is 4.8359938e-10 
At timestep  6660 the maxmimum change in the solution is 4.8359938e-10 
At timestep  6670 the maxmimum change in the solution is 4.8359938e-10 
At timestep  6680 the maxmimum change in the solution is 4.8359938e-10 
At timestep  6690 the maxmimum change in the solution is 4.8359938e-10 
At timestep  6700 the maxmimum change in the solution is 4.8359938e-10 
At timestep  6710 the maxmimum change in the solution is 4.8359938e-10 
At timestep  6720 the maxmimum change in the solution is 4.8359938e-10 
At timestep  6730 the maxmimum change in the solution is 4.8359938e-10 
At timestep  6740 the maxmimum change in the solution is 4.8359938e-10 
At timestep  6750 the maxmimum change in the solution is 4.8359938e-10 
At timestep  6760 the maxmimum change in the solution is 4.8359938e-10 
At timestep  6770 the maxmimum change in the solution is 4.8359938e-10 
At timestep  6780 the maxmimum change in the solution is 4.8359938e-10 
At timestep  6790 the maxmimum change in the solution is 4.8359938e-10 
At timestep  6800 the maxmimum change in the solution is 4.8359938e-10 
At timestep  6810 the maxmimum change in the solution is 4.8359938e-10 
At timestep  6820 the maxmimum change in the solution is 4.8359938e-10 
At timestep  6830 the maxmimum change in the solution is 4.8359938e-10 
At timestep  6840 the maxmimum change in the solution is 4.8359938e-10 
At timestep  6850 the maxmimum change in the solution is 4.8359938e-10 
At timestep  6860 the maxmimum change in the solution is 4.8359938e-10 
At timestep  6870 the maxmimum change in the solution is 4.8359938e-10 
At timestep  6880 the maxmimum change in the solution is 4.8359938e-10 
At timestep  6890 the maxmimum change in the solution is 4.8359938e-10 
At timestep  6900 the maxmimum change in the solution is 4.8359938e-10 
At timestep  6910 the maxmimum change in the solution is 4.8359938e-10 
At timestep  6920 the maxmimum change in the solution is 4.8359938e-10 
At timestep  6930 the maxmimum change in the solution is 4.8359938e-10 
At timestep  6940 the maxmimum change in the solution is 4.8359938e-10 
At timestep  6950 the maxmimum change in the solution is 4.8359938e-10 
At timestep  6960 the maxmimum change in the solution is 4.8359938e-10 
At timestep  6970 the maxmimum change in the solution is 4.8359938e-10 
At timestep  6980 the maxmimum change in the solution is 4.8359938e-10 
At timestep  6990 the maxmimum change in the solution is 4.8359938e-10 
At timestep  7000 the maxmimum change in the solution is 4.8359938e-10 
At timestep  7010 the maxmimum change in the solution is 4.8359938e-10 
At timestep  7020 the maxmimum change in the solution is 4.8359938e-10 
At timestep  7030 the maxmimum change in the solution is 4.8359938e-10 
At timestep  7040 the maxmimum change in the solution is 4.8359938e-10 
At timestep  7050 the maxmimum change in the solution is 4.8359938e-10 
At timestep  7060 the maxmimum change in the solution is 4.8359927e-10 
At timestep  7070 the maxmimum change in the solution is 4.8359927e-10 
At timestep  7080 the maxmimum change in the solution is 4.8359927e-10 
At timestep  7090 the maxmimum change in the solution is 4.8359927e-10 
At timestep  7100 the maxmimum change in the solution is 4.8359927e-10 
At timestep  7110 the maxmimum change in the solution is 4.8359927e-10 
At timestep  7120 the maxmimum change in the solution is 4.8359927e-10 
At timestep  7130 the maxmimum change in the solution is 4.8359927e-10 
At timestep  7140 the maxmimum change in the solution is 4.8359927e-10 
At timestep  7150 the maxmimum change in the solution is 4.8359927e-10 
At timestep  7160 the maxmimum change in the solution is 4.8359927e-10 
At timestep  7170 the maxmimum change in the solution is 4.8359927e-10 
At timestep  7180 the maxmimum change in the solution is 4.8359927e-10 
At timestep  7190 the maxmimum change in the solution is 4.8359927e-10 
At timestep  7200 the maxmimum change in the solution is 4.8359927e-10 
At timestep  7210 the maxmimum change in the solution is 4.8359927e-10 
At timestep  7220 the maxmimum change in the solution is 4.8359927e-10 
At timestep  7230 the maxmimum change in the solution is 4.8359927e-10 
At timestep  7240 the maxmimum change in the solution is 4.8359927e-10 
At timestep  7250 the maxmimum change in the solution is 4.8359927e-10 
At timestep  7260 the maxmimum change in the solution is 4.8359927e-10 
At timestep  7270 the maxmimum change in the solution is 4.8359927e-10 
At timestep  7280 the maxmimum change in the solution is 4.8359927e-10 
At timestep  7290 the maxmimum change in the solution is 4.8359927e-10 
At timestep  7300 the maxmimum change in the solution is 4.8359927e-10 
At timestep  7310 the maxmimum change in the solution is 4.8359927e-10 
At timestep  7320 the maxmimum change in the solution is 4.8359927e-10 
At timestep  7330 the maxmimum change in the solution is 4.8359927e-10 
At timestep  7340 the maxmimum change in the solution is 4.8359927e-10 
At timestep  7350 the maxmimum change in the solution is 4.8359927e-10 
At timestep  7360 the maxmimum change in the solution is 4.8359927e-10 
At timestep  7370 the maxmimum change in the solution is 4.8359927e-10 
At timestep  7380 the maxmimum change in the solution is 4.8359927e-10 
At timestep  7390 the maxmimum change in the solution is 4.8359927e-10 
At timestep  7400 the maxmimum change in the solution is 4.8359927e-10 
At timestep  7410 the maxmimum change in the solution is 4.8359927e-10 
At timestep  7420 the maxmimum change in the solution is 4.8359927e-10 
At timestep  7430 the maxmimum change in the solution is 4.8359927e-10 
At timestep  7440 the maxmimum change in the solution is 4.8359927e-10 
At timestep  7450 the maxmimum change in the solution is 4.8359927e-10 
At timestep  7460 the maxmimum change in the solution is 4.8359927e-10 
At timestep  7470 the maxmimum change in the solution is 4.8359927e-10 
At timestep  7480 the maxmimum change in the solution is 4.8359927e-10 
At timestep  7490 the maxmimum change in the solution is 4.8359927e-10 
At timestep  7500 the maxmimum change in the solution is 4.8359927e-10 
At timestep  7510 the maxmimum change in the solution is 4.8359927e-10 
At timestep  7520 the maxmimum change in the solution is 4.8359927e-10 
At timestep  7530 the maxmimum change in the solution is 4.8359927e-10 
At timestep  7540 the maxmimum change in the solution is 4.8359916e-10 
At timestep  7550 the maxmimum change in the solution is 4.8359916e-10 
At timestep  7560 the maxmimum change in the solution is 4.8359916e-10 
At timestep  7570 the maxmimum change in the solution is 4.8359916e-10 
At timestep  7580 the maxmimum change in the solution is 4.8359916e-10 
At timestep  7590 the maxmimum change in the solution is 4.8359916e-10 
At timestep  7600 the maxmimum change in the solution is 4.8359916e-10 
At timestep  7610 the maxmimum change in the solution is 4.8359916e-10 
At timestep  7620 the maxmimum change in the solution is 4.8359916e-10 
At timestep  7630 the maxmimum change in the solution is 4.8359916e-10 
At timestep  7640 the maxmimum change in the solution is 4.8359916e-10 
At timestep  7650 the maxmimum change in the solution is 4.8359916e-10 
At timestep  7660 the maxmimum change in the solution is 4.8359916e-10 
At timestep  7670 the maxmimum change in the solution is 4.8359916e-10 
At timestep  7680 the maxmimum change in the solution is 4.8359916e-10 
At timestep  7690 the maxmimum change in the solution is 4.8359916e-10 
At timestep  7700 the maxmimum change in the solution is 4.8359916e-10 
At timestep  7710 the maxmimum change in the solution is 4.8359916e-10 
At timestep  7720 the maxmimum change in the solution is 4.8359916e-10 
At timestep  7730 the maxmimum change in the solution is 4.8359916e-10 
At timestep  7740 the maxmimum change in the solution is 4.8359916e-10 
At timestep  7750 the maxmimum change in the solution is 4.8359916e-10 
At timestep  7760 the maxmimum change in the solution is 4.8359916e-10 
At timestep  7770 the maxmimum change in the solution is 4.8359916e-10 
At timestep  7780 the maxmimum change in the solution is 4.8359916e-10 
At timestep  7790 the maxmimum change in the solution is 4.8359916e-10 
At timestep  7800 the maxmimum change in the solution is 4.8359916e-10 
At timestep  7810 the maxmimum change in the solution is 4.8359916e-10 
At timestep  7820 the maxmimum change in the solution is 4.8359916e-10 
At timestep  7830 the maxmimum change in the solution is 4.8359916e-10 
At timestep  7840 the maxmimum change in the solution is 4.8359916e-10 
At timestep  7850 the maxmimum change in the solution is 4.8359916e-10 
At timestep  7860 the maxmimum change in the solution is 4.8359916e-10 
At timestep  7870 the maxmimum change in the solution is 4.8359916e-10 
At timestep  7880 the maxmimum change in the solution is 4.8359916e-10 
At timestep  7890 the maxmimum change in the solution is 4.8359916e-10 
At timestep  7900 the maxmimum change in the solution is 4.8359916e-10 
At timestep  7910 the maxmimum change in the solution is 4.8359916e-10 
At timestep  7920 the maxmimum change in the solution is 4.8359916e-10 
At timestep  7930 the maxmimum change in the solution is 4.8359916e-10 
At timestep  7940 the maxmimum change in the solution is 4.8359916e-10 
At timestep  7950 the maxmimum change in the solution is 4.8359916e-10 
At timestep  7960 the maxmimum change in the solution is 4.8359916e-10 
At timestep  7970 the maxmimum change in the solution is 4.8359916e-10 
At timestep  7980 the maxmimum change in the solution is 4.8359916e-10 
At timestep  7990 the maxmimum change in the solution is 4.8359916e-10 
At timestep  8000 the maxmimum change in the solution is 4.8359905e-10 
At timestep  8010 the maxmimum change in the solution is 4.8359905e-10 
At timestep  8020 the maxmimum change in the solution is 4.8359905e-10 
At timestep  8030 the maxmimum change in the solution is 4.8359905e-10 
At timestep  8040 the maxmimum change in the solution is 4.8359905e-10 
At timestep  8050 the maxmimum change in the solution is 4.8359905e-10 
At timestep  8060 the maxmimum change in the solution is 4.8359905e-10 
At timestep  8070 the maxmimum change in the solution is 4.8359905e-10 
At timestep  8080 the maxmimum change in the solution is 4.8359905e-10 
At timestep  8090 the maxmimum change in the solution is 4.8359905e-10 
At timestep  8100 the maxmimum change in the solution is 4.8359905e-10 
At timestep  8110 the maxmimum change in the solution is 4.8359905e-10 
At timestep  8120 the maxmimum change in the solution is 4.8359905e-10 
At timestep  8130 the maxmimum change in the solution is 4.8359905e-10 
At timestep  8140 the maxmimum change in the solution is 4.8359905e-10 
At timestep  8150 the maxmimum change in the solution is 4.8359905e-10 
At timestep  8160 the maxmimum change in the solution is 4.8359905e-10 
At timestep  8170 the maxmimum change in the solution is 4.8359905e-10 
At timestep  8180 the maxmimum change in the solution is 4.8359905e-10 
At timestep  8190 the maxmimum change in the solution is 4.8359905e-10 
At timestep  8200 the maxmimum change in the solution is 4.8359905e-10 
At timestep  8210 the maxmimum change in the solution is 4.8359905e-10 
At timestep  8220 the maxmimum change in the solution is 4.8359905e-10 
At timestep  8230 the maxmimum change in the solution is 4.8359905e-10 
At timestep  8240 the maxmimum change in the solution is 4.8359905e-10 
At timestep  8250 the maxmimum change in the solution is 4.8359905e-10 
At timestep  8260 the maxmimum change in the solution is 4.8359905e-10 
At timestep  8270 the maxmimum change in the solution is 4.8359905e-10 
At timestep  8280 the maxmimum change in the solution is 4.8359905e-10 
At timestep  8290 the maxmimum change in the solution is 4.8359905e-10 
At timestep  8300 the maxmimum change in the solution is 4.8359905e-10 
At timestep  8310 the maxmimum change in the solution is 4.8359905e-10 
At timestep  8320 the maxmimum change in the solution is 4.8359905e-10 
At timestep  8330 the maxmimum change in the solution is 4.8359905e-10 
At timestep  8340 the maxmimum change in the solution is 4.8359905e-10 
At timestep  8350 the maxmimum change in the solution is 4.8359905e-10 
At timestep  8360 the maxmimum change in the solution is 4.8359905e-10 
At timestep  8370 the maxmimum change in the solution is 4.8359905e-10 
At timestep  8380 the maxmimum change in the solution is 4.8359905e-10 
At timestep  8390 the maxmimum change in the solution is 4.8359905e-10 
At timestep  8400 the maxmimum change in the solution is 4.8359905e-10 
At timestep  8410 the maxmimum change in the solution is 4.8359905e-10 
At timestep  8420 the maxmimum change in the solution is 4.8359905e-10 
At timestep  8430 the maxmimum change in the solution is 4.8359905e-10 
At timestep  8440 the maxmimum change in the solution is 4.8359905e-10 
At timestep  8450 the maxmimum change in the solution is 4.8359905e-10 
At timestep  8460 the maxmimum change in the solution is 4.8359905e-10 
At timestep  8470 the maxmimum change in the solution is 4.8359894e-10 
At timestep  8480 the maxmimum change in the solution is 4.8359894e-10 
At timestep  8490 the maxmimum change in the solution is 4.8359894e-10 
At timestep  8500 the maxmimum change in the solution is 4.8359894e-10 
At timestep  8510 the maxmimum change in the solution is 4.8359894e-10 
At timestep  8520 the maxmimum change in the solution is 4.8359894e-10 
At timestep  8530 the maxmimum change in the solution is 4.8359894e-10 
At timestep  8540 the maxmimum change in the solution is 4.8359894e-10 
At timestep  8550 the maxmimum change in the solution is 4.8359894e-10 
At timestep  8560 the maxmimum change in the solution is 4.8359894e-10 
At timestep  8570 the maxmimum change in the solution is 4.8359894e-10 
At timestep  8580 the maxmimum change in the solution is 4.8359894e-10 
At timestep  8590 the maxmimum change in the solution is 4.8359894e-10 
At timestep  8600 the maxmimum change in the solution is 4.8359894e-10 
At timestep  8610 the maxmimum change in the solution is 4.8359894e-10 
At timestep  8620 the maxmimum change in the solution is 4.8359894e-10 
At timestep  8630 the maxmimum change in the solution is 4.8359894e-10 
At timestep  8640 the maxmimum change in the solution is 4.8359894e-10 
At timestep  8650 the maxmimum change in the solution is 4.8359894e-10 
At timestep  8660 the maxmimum change in the solution is 4.8359894e-10 
At timestep  8670 the maxmimum change in the solution is 4.8359894e-10 
At timestep  8680 the maxmimum change in the solution is 4.8359894e-10 
At timestep  8690 the maxmimum change in the solution is 4.8359894e-10 
At timestep  8700 the maxmimum change in the solution is 4.8359894e-10 
At timestep  8710 the maxmimum change in the solution is 4.8359894e-10 
At timestep  8720 the maxmimum change in the solution is 4.8359894e-10 
At timestep  8730 the maxmimum change in the solution is 4.8359894e-10 
At timestep  8740 the maxmimum change in the solution is 4.8359894e-10 
At timestep  8750 the maxmimum change in the solution is 4.8359894e-10 
At timestep  8760 the maxmimum change in the solution is 4.8359894e-10 
At timestep  8770 the maxmimum change in the solution is 4.8359894e-10 
At timestep  8780 the maxmimum change in the solution is 4.8359894e-10 
At timestep  8790 the maxmimum change in the solution is 4.8359894e-10 
At timestep  8800 the maxmimum change in the solution is 4.8359894e-10 
At timestep  8810 the maxmimum change in the solution is 4.8359894e-10 
At timestep  8820 the maxmimum change in the solution is 4.8359894e-10 
At timestep  8830 the maxmimum change in the solution is 4.8359894e-10 
At timestep  8840 the maxmimum change in the solution is 4.8359894e-10 
At timestep  8850 the maxmimum change in the solution is 4.8359894e-10 
At timestep  8860 the maxmimum change in the solution is 4.8359894e-10 
At timestep  8870 the maxmimum change in the solution is 4.8359894e-10 
At timestep  8880 the maxmimum change in the solution is 4.8359894e-10 
At timestep  8890 the maxmimum change in the solution is 4.8359894e-10 
At timestep  8900 the maxmimum change in the solution is 4.8359894e-10 
At timestep  8910 the maxmimum change in the solution is 4.8359894e-10 
At timestep  8920 the maxmimum change in the solution is 4.8359883e-10 
At timestep  8930 the maxmimum change in the solution is 4.8359883e-10 
At timestep  8940 the maxmimum change in the solution is 4.8359883e-10 
At timestep  8950 the maxmimum change in the solution is 4.8359883e-10 
At timestep  8960 the maxmimum change in the solution is 4.8359883e-10 
At timestep  8970 the maxmimum change in the solution is 4.8359883e-10 
At timestep  8980 the maxmimum change in the solution is 4.8359883e-10 
At timestep  8990 the maxmimum change in the solution is 4.8359883e-10 
At timestep  9000 the maxmimum change in the solution is 4.8359883e-10 
At timestep  9010 the maxmimum change in the solution is 4.8359883e-10 
At timestep  9020 the maxmimum change in the solution is 4.8359883e-10 
At timestep  9030 the maxmimum change in the solution is 4.8359883e-10 
At timestep  9040 the maxmimum change in the solution is 4.8359883e-10 
At timestep  9050 the maxmimum change in the solution is 4.8359883e-10 
At timestep  9060 the maxmimum change in the solution is 4.8359883e-10 
At timestep  9070 the maxmimum change in the solution is 4.8359883e-10 
At timestep  9080 the maxmimum change in the solution is 4.8359883e-10 
At timestep  9090 the maxmimum change in the solution is 4.8359883e-10 
At timestep  9100 the maxmimum change in the solution is 4.8359883e-10 
At timestep  9110 the maxmimum change in the solution is 4.8359883e-10 
At timestep  9120 the maxmimum change in the solution is 4.8359883e-10 
At timestep  9130 the maxmimum change in the solution is 4.8359883e-10 
At timestep  9140 the maxmimum change in the solution is 4.8359883e-10 
At timestep  9150 the maxmimum change in the solution is 4.8359883e-10 
At timestep  9160 the maxmimum change in the solution is 4.8359883e-10 
At timestep  9170 the maxmimum change in the solution is 4.8359883e-10 
At timestep  9180 the maxmimum change in the solution is 4.8359883e-10 
At timestep  9190 the maxmimum change in the solution is 4.8359883e-10 
At timestep  9200 the maxmimum change in the solution is 4.8359883e-10 
At timestep  9210 the maxmimum change in the solution is 4.8359883e-10 
At timestep  9220 the maxmimum change in the solution is 4.8359883e-10 
At timestep  9230 the maxmimum change in the solution is 4.8359883e-10 
At timestep  9240 the maxmimum change in the solution is 4.8359883e-10 
At timestep  9250 the maxmimum change in the solution is 4.8359883e-10 
At timestep  9260 the maxmimum change in the solution is 4.8359883e-10 
At timestep  9270 the maxmimum change in the solution is 4.8359883e-10 
At timestep  9280 the maxmimum change in the solution is 4.8359883e-10 
At timestep  9290 the maxmimum change in the solution is 4.8359883e-10 
At timestep  9300 the maxmimum change in the solution is 4.8359883e-10 
At timestep  9310 the maxmimum change in the solution is 4.8359883e-10 
At timestep  9320 the maxmimum change in the solution is 4.8359883e-10 
At timestep  9330 the maxmimum change in the solution is 4.8359883e-10 
At timestep  9340 the maxmimum change in the solution is 4.8359883e-10 
At timestep  9350 the maxmimum change in the solution is 4.8359883e-10 
At timestep  9360 the maxmimum change in the solution is 4.8359883e-10 
At timestep  9370 the maxmimum change in the solution is 4.8359872e-10 
At timestep  9380 the maxmimum change in the solution is 4.8359872e-10 
At timestep  9390 the maxmimum change in the solution is 4.8359872e-10 
At timestep  9400 the maxmimum change in the solution is 4.8359872e-10 
At timestep  9410 the maxmimum change in the solution is 4.8359872e-10 
At timestep  9420 the maxmimum change in the solution is 4.8359872e-10 
At timestep  9430 the maxmimum change in the solution is 4.8359872e-10 
At timestep  9440 the maxmimum change in the solution is 4.8359872e-10 
At timestep  9450 the maxmimum change in the solution is 4.8359872e-10 
At timestep  9460 the maxmimum change in the solution is 4.8359872e-10 
At timestep  9470 the maxmimum change in the solution is 4.8359872e-10 
At timestep  9480 the maxmimum change in the solution is 4.8359872e-10 
At timestep  9490 the maxmimum change in the solution is 4.8359872e-10 
At timestep  9500 the maxmimum change in the solution is 4.8359872e-10 
At timestep  9510 the maxmimum change in the solution is 4.8359872e-10 
At timestep  9520 the maxmimum change in the solution is 4.8359872e-10 
At timestep  9530 the maxmimum change in the solution is 4.8359872e-10 
At timestep  9540 the maxmimum change in the solution is 4.8359872e-10 
At timestep  9550 the maxmimum change in the solution is 4.8359872e-10 
At timestep  9560 the maxmimum change in the solution is 4.8359872e-10 
At timestep  9570 the maxmimum change in the solution is 4.8359872e-10 
At timestep  9580 the maxmimum change in the solution is 4.8359872e-10 
At timestep  9590 the maxmimum change in the solution is 4.8359872e-10 
At timestep  9600 the maxmimum change in the solution is 4.8359872e-10 
At timestep  9610 the maxmimum change in the solution is 4.8359872e-10 
At timestep  9620 the maxmimum change in the solution is 4.8359872e-10 
At timestep  9630 the maxmimum change in the solution is 4.8359872e-10 
At timestep  9640 the maxmimum change in the solution is 4.8359872e-10 
At timestep  9650 the maxmimum change in the solution is 4.8359872e-10 
At timestep  9660 the maxmimum change in the solution is 4.8359872e-10 
At timestep  9670 the maxmimum change in the solution is 4.8359872e-10 
At timestep  9680 the maxmimum change in the solution is 4.8359872e-10 
At timestep  9690 the maxmimum change in the solution is 4.8359872e-10 
At timestep  9700 the maxmimum change in the solution is 4.8359872e-10 
At timestep  9710 the maxmimum change in the solution is 4.8359872e-10 
At timestep  9720 the maxmimum change in the solution is 4.8359872e-10 
At timestep  9730 the maxmimum change in the solution is 4.8359872e-10 
At timestep  9740 the maxmimum change in the solution is 4.8359872e-10 
At timestep  9750 the maxmimum change in the solution is 4.8359872e-10 
At timestep  9760 the maxmimum change in the solution is 4.8359872e-10 
At timestep  9770 the maxmimum change in the solution is 4.8359872e-10 
At timestep  9780 the maxmimum change in the solution is 4.8359872e-10 
At timestep  9790 the maxmimum change in the solution is 4.8359872e-10 
At timestep  9800 the maxmimum change in the solution is 4.8359872e-10 
At timestep  9810 the maxmimum change in the solution is 4.8359872e-10 
At timestep  9820 the maxmimum change in the solution is 4.8359872e-10 
At timestep  9830 the maxmimum change in the solution is 4.8359872e-10 
At timestep  9840 the maxmimum change in the solution is 4.8359872e-10 
At timestep  9850 the maxmimum change in the solution is 4.8359872e-10 
At timestep  9860 the maxmimum change in the solution is 4.8359872e-10 
At timestep  9870 the maxmimum change in the solution is 4.8359872e-10 
At timestep  9880 the maxmimum change in the solution is 4.8359872e-10 
At timestep  9890 the maxmimum change in the solution is 4.8359872e-10 
At timestep  9900 the maxmimum change in the solution is 4.8359872e-10 
At timestep  9910 the maxmimum change in the solution is 4.8359872e-10 
At timestep  9920 the maxmimum change in the solution is 4.8359872e-10 
At timestep  9930 the maxmimum change in the solution is 4.8359872e-10 
At timestep  9940 the maxmimum change in the solution is 4.8359861e-10 
At timestep  9950 the maxmimum change in the solution is 4.8359861e-10 
At timestep  9960 the maxmimum change in the solution is 4.8359861e-10 
At timestep  9970 the maxmimum change in the solution is 4.8359861e-10 
At timestep  9980 the maxmimum change in the solution is 4.8359861e-10 
At timestep  9990 the maxmimum change in the solution is 4.8359861e-10 
At timestep  9999 the maxmimum change in the solution is 4.8359861e-10 
The RMS error in the final solution is 2.0828139e-05 
 process time      = 1.514408e+00 s
